2014-10-06 13:56:54 [INFO] Starting minecraft server version 1.6.4
2014-10-06 13:56:54 [INFO] Loading properties
2014-10-06 13:56:54 [INFO] Default game type: CREATIVE
2014-10-06 13:56:54 [INFO] Generating keypair
2014-10-06 13:56:55 [INFO] Starting Minecraft server on localhost:1234
2014-10-06 13:56:55 [INFO] This server is running CraftBukkit version git-Bukkit-1.6.4-R2.0-b2918jnks (MC: 1.6.4) (Implementing API version 1.6.4-R2.0)
2014-10-06 13:56:55 [SEVERE] Could not load 'plugins\Heroes.jar' in folder 'plugins'
org.bukkit.plugin.InvalidPluginException: java.lang.NoClassDefFoundError: org/bukkit/event/player/PlayerListener
	at org.bukkit.plugin.java.JavaPluginLoader.loadPlugin(JavaPluginLoader.java:182)
	at org.bukkit.plugin.SimplePluginManager.loadPlugin(SimplePluginManager.java:305)
	at org.bukkit.plugin.SimplePluginManager.loadPlugins(SimplePluginManager.java:230)
	at org.bukkit.craftbukkit.v1_6_R3.CraftServer.loadPlugins(CraftServer.java:241)
	at org.bukkit.craftbukkit.v1_6_R3.CraftServer.<init>(CraftServer.java:219)
	at net.minecraft.server.v1_6_R3.PlayerList.<init>(PlayerList.java:56)
	at net.minecraft.server.v1_6_R3.DedicatedPlayerList.<init>(SourceFile:11)
	at net.minecraft.server.v1_6_R3.DedicatedServer.init(DedicatedServer.java:107)
	at net.minecraft.server.v1_6_R3.MinecraftServer.run(MinecraftServer.java:393)
	at net.minecraft.server.v1_6_R3.ThreadServerApplication.run(SourceFile:583)
Caused by: java.lang.NoClassDefFoundError: org/bukkit/event/player/PlayerListener
	at java.lang.ClassLoader.defineClass1(Native Method)
	at java.lang.ClassLoader.defineClass(Unknown Source)
	at java.security.SecureClassLoader.defineClass(Unknown Source)
	at java.net.URLClassLoader.defineClass(Unknown Source)
	at java.net.URLClassLoader.access$100(Unknown Source)
	at java.net.URLClassLoader$1.run(Unknown Source)
	at java.net.URLClassLoader$1.run(Unknown Source)
	at java.security.AccessController.doPrivileged(Native Method)
	at java.net.URLClassLoader.findClass(Unknown Source)
	at org.bukkit.plugin.java.PluginClassLoader.findClass0(PluginClassLoader.java:80)
	at org.bukkit.plugin.java.PluginClassLoader.findClass(PluginClassLoader.java:53)
	at java.lang.ClassLoader.loadClass(Unknown Source)
	at java.lang.ClassLoader.loadClass(Unknown Source)
	at com.herocraftonline.dev.heroes.Heroes.<init>(Unknown Source)
	at sun.reflect.NativeConstructorAccessorImpl.newInstance0(Native Method)
	at sun.reflect.NativeConstructorAccessorImpl.newInstance(Unknown Source)
	at sun.reflect.DelegatingConstructorAccessorImpl.newInstance(Unknown Source)
	at java.lang.reflect.Constructor.newInstance(Unknown Source)
	at org.bukkit.plugin.java.JavaPluginLoader.loadPlugin(JavaPluginLoader.java:178)
	... 9 more
Caused by: java.lang.ClassNotFoundException: org.bukkit.event.player.PlayerListener
	at org.bukkit.plugin.java.PluginClassLoader.findClass0(PluginClassLoader.java:70)
	at org.bukkit.plugin.java.PluginClassLoader.findClass(PluginClassLoader.java:53)
	at java.lang.ClassLoader.loadClass(Unknown Source)
	at java.lang.ClassLoader.loadClass(Unknown Source)
	... 28 more
2014-10-06 13:56:55 [INFO] [Vault] Loading Vault v1.4.1-b436
2014-10-06 13:56:55 [INFO] [Vault] Enabling Vault v1.4.1-b436
2014-10-06 13:56:55 [INFO] [Vault] [Permission] SuperPermissions loaded as backup permission system.
2014-10-06 13:56:55 [INFO] [Vault] Enabled Version 1.4.1-b436
2014-10-06 13:56:55 [WARNING] **** SERVER IS RUNNING IN OFFLINE/INSECURE MODE!
2014-10-06 13:56:55 [WARNING] The server will make no attempt to authenticate usernames. Beware.
2014-10-06 13:56:55 [WARNING] While this makes the game possible to play without internet access, it also opens up the ability for hackers to connect with any username they choose.
2014-10-06 13:56:55 [WARNING] To change this, set "online-mode" to "true" in the server.properties file.
2014-10-06 13:56:55 [INFO] Preparing level "TestServer"
2014-10-06 13:56:55 [WARNING] Could not get information about this CraftBukkit version; perhaps you are running a custom one?: IOException
2014-10-06 13:56:55 [WARNING] Could not get latest artifact information: IOException
2014-10-06 13:56:55 [INFO] Preparing start region for level 0 (Seed: 6238474712829311250)
2014-10-06 13:56:56 [INFO] Preparing spawn area: 17%
2014-10-06 13:56:57 [INFO] Preparing spawn area: 51%
2014-10-06 13:56:58 [INFO] Preparing spawn area: 96%
2014-10-06 13:56:59 [INFO] Preparing start region for level 1 (Seed: 6238474712829311250)
2014-10-06 13:56:59 [INFO] Preparing start region for level 2 (Seed: 6238474712829311250)
2014-10-06 13:56:59 [INFO] Server permissions file permissions.yml is empty, ignoring it
2014-10-06 13:56:59 [INFO] Done (4,114s)! For help, type "help" or "?"
