2014-10-06 13:52:36 [INFO] Starting minecraft server version 1.6.4
2014-10-06 13:52:36 [INFO] Loading properties
2014-10-06 13:52:36 [INFO] Default game type: CREATIVE
2014-10-06 13:52:36 [INFO] Generating keypair
2014-10-06 13:52:36 [INFO] Starting Minecraft server on localhost:1234
2014-10-06 13:52:37 [INFO] This server is running CraftBukkit version git-Bukkit-1.6.4-R2.0-b2918jnks (MC: 1.6.4) (Implementing API version 1.6.4-R2.0)
2014-10-06 13:52:37 [INFO] [Vault] Loading Vault v1.4.1-b436
2014-10-06 13:52:37 [INFO] [Heroes] Loading Heroes v1.5.5.2-SNAPSHOT-b25
2014-10-06 13:52:37 [INFO] [Vault] Enabling Vault v1.4.1-b436
2014-10-06 13:52:37 [INFO] [Vault] [Permission] SuperPermissions loaded as backup permission system.
2014-10-06 13:52:37 [WARNING] Could not get information about this CraftBukkit version; perhaps you are running a custom one?: IOException
2014-10-06 13:52:37 [INFO] [Vault] Enabled Version 1.4.1-b436
2014-10-06 13:52:37 [WARNING] **** SERVER IS RUNNING IN OFFLINE/INSECURE MODE!
2014-10-06 13:52:37 [WARNING] The server will make no attempt to authenticate usernames. Beware.
2014-10-06 13:52:37 [WARNING] While this makes the game possible to play without internet access, it also opens up the ability for hackers to connect with any username they choose.
2014-10-06 13:52:37 [WARNING] To change this, set "online-mode" to "true" in the server.properties file.
2014-10-06 13:52:37 [INFO] Preparing level "TestServer"
2014-10-06 13:52:37 [WARNING] Could not get latest artifact information: IOException
2014-10-06 13:52:37 [INFO] Preparing start region for level 0 (Seed: 402968124153886436)
2014-10-06 13:52:38 [INFO] Preparing spawn area: 9%
2014-10-06 13:52:39 [INFO] Preparing spawn area: 24%
2014-10-06 13:52:40 [INFO] Preparing spawn area: 40%
2014-10-06 13:52:41 [INFO] Preparing spawn area: 56%
2014-10-06 13:52:42 [INFO] Preparing spawn area: 97%
2014-10-06 13:52:42 [INFO] Preparing start region for level 1 (Seed: 402968124153886436)
2014-10-06 13:52:43 [INFO] Preparing start region for level 2 (Seed: 402968124153886436)
2014-10-06 13:52:43 [INFO] [Heroes] Enabling Heroes v1.5.5.2-SNAPSHOT-b25
2014-10-06 13:52:43 [INFO] [Heroes] You are running Heroes on MC v1.7.5
2014-10-06 13:52:43 [INFO] [Heroes] The detected server mod is BUKKIT. Heroes will use BUKKIT compatibility!
2014-10-06 13:52:43 [SEVERE] [Heroes] You're attempting to run Heroes on an incompatible version of CraftBukkit or Minecraft!
2014-10-06 13:52:43 [SEVERE] [Heroes] This version of Heroes is compatible with MC 1.7.5
2014-10-06 13:52:43 [INFO] [Heroes] Disabling Heroes v1.5.5.2-SNAPSHOT-b25
2014-10-06 13:52:43 [SEVERE] Error occurred while disabling Heroes v1.5.5.2-SNAPSHOT-b25 (Is it up to date?)
java.lang.NullPointerException
	at com.herocraftonline.heroes.Heroes.onDisable(Heroes.java:161)
	at org.bukkit.plugin.java.JavaPlugin.setEnabled(JavaPlugin.java:219)
	at org.bukkit.plugin.java.JavaPluginLoader.disablePlugin(JavaPluginLoader.java:481)
	at org.bukkit.plugin.SimplePluginManager.disablePlugin(SimplePluginManager.java:400)
	at com.herocraftonline.heroes.Heroes.onEnable(Heroes.java:180)
	at org.bukkit.plugin.java.JavaPlugin.setEnabled(JavaPlugin.java:217)
	at org.bukkit.plugin.java.JavaPluginLoader.enablePlugin(JavaPluginLoader.java:457)
	at org.bukkit.plugin.SimplePluginManager.enablePlugin(SimplePluginManager.java:381)
	at org.bukkit.craftbukkit.v1_6_R3.CraftServer.loadPlugin(CraftServer.java:284)
	at org.bukkit.craftbukkit.v1_6_R3.CraftServer.enablePlugins(CraftServer.java:266)
	at net.minecraft.server.v1_6_R3.MinecraftServer.l(MinecraftServer.java:315)
	at net.minecraft.server.v1_6_R3.MinecraftServer.f(MinecraftServer.java:292)
	at net.minecraft.server.v1_6_R3.MinecraftServer.a(MinecraftServer.java:252)
	at net.minecraft.server.v1_6_R3.DedicatedServer.init(DedicatedServer.java:152)
	at net.minecraft.server.v1_6_R3.MinecraftServer.run(MinecraftServer.java:393)
	at net.minecraft.server.v1_6_R3.ThreadServerApplication.run(SourceFile:583)
2014-10-06 13:52:43 [INFO] Server permissions file permissions.yml is empty, ignoring it
2014-10-06 13:52:43 [INFO] Done (5,997s)! For help, type "help" or "?"
