2014-10-06 13:51:31 [INFO] Starting minecraft server version 1.6.4
2014-10-06 13:51:31 [INFO] Loading properties
2014-10-06 13:51:31 [INFO] Default game type: CREATIVE
2014-10-06 13:51:31 [INFO] Generating keypair
2014-10-06 13:51:32 [INFO] Starting Minecraft server on localhost:1234
2014-10-06 13:51:32 [INFO] This server is running CraftBukkit version git-Bukkit-1.6.4-R2.0-b2918jnks (MC: 1.6.4) (Implementing API version 1.6.4-R2.0)
2014-10-06 13:51:32 [INFO] [Vault] Loading Vault v1.4.1-b436
2014-10-06 13:51:32 [INFO] [Heroes] Loading Heroes v1.5.5.3-SNAPSHOT-b29
2014-10-06 13:51:32 [INFO] [Vault] Enabling Vault v1.4.1-b436
2014-10-06 13:51:32 [INFO] [Vault] [Permission] SuperPermissions loaded as backup permission system.
2014-10-06 13:51:32 [INFO] [Vault] Enabled Version 1.4.1-b436
2014-10-06 13:51:32 [WARNING] **** SERVER IS RUNNING IN OFFLINE/INSECURE MODE!
2014-10-06 13:51:32 [WARNING] The server will make no attempt to authenticate usernames. Beware.
2014-10-06 13:51:32 [WARNING] While this makes the game possible to play without internet access, it also opens up the ability for hackers to connect with any username they choose.
2014-10-06 13:51:32 [WARNING] To change this, set "online-mode" to "true" in the server.properties file.
2014-10-06 13:51:32 [WARNING] Could not get information about this CraftBukkit version; perhaps you are running a custom one?: IOException
2014-10-06 13:51:32 [INFO] Preparing level "TestServer"
2014-10-06 13:51:32 [WARNING] Could not get latest artifact information: IOException
2014-10-06 13:51:32 [INFO] Preparing start region for level 0 (Seed: -7635812525492414484)
2014-10-06 13:51:33 [INFO] Preparing spawn area: 10%
2014-10-06 13:51:34 [INFO] Preparing spawn area: 27%
2014-10-06 13:51:35 [INFO] Preparing spawn area: 45%
2014-10-06 13:51:36 [INFO] Preparing spawn area: 64%
2014-10-06 13:51:37 [INFO] Preparing spawn area: 90%
2014-10-06 13:51:37 [INFO] Preparing start region for level 1 (Seed: -7635812525492414484)
2014-10-06 13:51:38 [INFO] Preparing start region for level 2 (Seed: -7635812525492414484)
2014-10-06 13:51:38 [INFO] [Heroes] Enabling Heroes v1.5.5.3-SNAPSHOT-b29
2014-10-06 13:51:38 [INFO] [Heroes] You are running Heroes on git-Bukkit-1.6.4-R2.0-b2918jnks (MC: 1.6.4)
2014-10-06 13:51:38 [INFO] [Heroes] The detected server mod is BUKKIT. Heroes will use BUKKIT compatibility!
2014-10-06 13:51:38 [SEVERE] [Heroes] You are attempting to load Heroes on version v1_6_R3, which is not supported!
2014-10-06 13:51:38 [INFO] [Heroes] Disabling Heroes v1.5.5.3-SNAPSHOT-b29
2014-10-06 13:51:38 [INFO] [Heroes]  version 1.5.5.3-SNAPSHOT-b29 is disabled!
2014-10-06 13:51:38 [INFO] Server permissions file permissions.yml is empty, ignoring it
2014-10-06 13:51:38 [INFO] Done (6,163s)! For help, type "help" or "?"
