2014-10-06 13:54:44 [INFO] Starting minecraft server version 1.6.4
2014-10-06 13:54:44 [INFO] Loading properties
2014-10-06 13:54:44 [INFO] Default game type: CREATIVE
2014-10-06 13:54:44 [INFO] Generating keypair
2014-10-06 13:54:45 [INFO] Starting Minecraft server on localhost:1234
2014-10-06 13:54:45 [INFO] This server is running CraftBukkit version git-Bukkit-1.6.4-R2.0-b2918jnks (MC: 1.6.4) (Implementing API version 1.6.4-R2.0)
2014-10-06 13:54:45 [INFO] [Vault] Loading Vault v1.4.1-b436
2014-10-06 13:54:45 [WARNING] Could not get information about this CraftBukkit version; perhaps you are running a custom one?: IOException
2014-10-06 13:54:45 [INFO] [Heroes] Loading Heroes v1.5.0-b1586
2014-10-06 13:54:45 [INFO] [Vault] Enabling Vault v1.4.1-b436
2014-10-06 13:54:45 [INFO] [Vault] [Permission] SuperPermissions loaded as backup permission system.
2014-10-06 13:54:45 [INFO] [Vault] Enabled Version 1.4.1-b436
2014-10-06 13:54:45 [WARNING] Could not get latest artifact information: IOException
2014-10-06 13:54:45 [WARNING] **** SERVER IS RUNNING IN OFFLINE/INSECURE MODE!
2014-10-06 13:54:45 [WARNING] The server will make no attempt to authenticate usernames. Beware.
2014-10-06 13:54:45 [WARNING] While this makes the game possible to play without internet access, it also opens up the ability for hackers to connect with any username they choose.
2014-10-06 13:54:45 [WARNING] To change this, set "online-mode" to "true" in the server.properties file.
2014-10-06 13:54:45 [INFO] Preparing level "TestServer"
2014-10-06 13:54:45 [INFO] Preparing start region for level 0 (Seed: -8124628769507857017)
2014-10-06 13:54:46 [INFO] Preparing spawn area: 16%
2014-10-06 13:54:47 [INFO] Preparing spawn area: 36%
2014-10-06 13:54:48 [INFO] Preparing spawn area: 72%
2014-10-06 13:54:49 [INFO] Preparing spawn area: 89%
2014-10-06 13:54:50 [INFO] Preparing start region for level 1 (Seed: -8124628769507857017)
2014-10-06 13:54:50 [INFO] Preparing start region for level 2 (Seed: -8124628769507857017)
2014-10-06 13:54:50 [INFO] [Heroes] Enabling Heroes v1.5.0-b1586
2014-10-06 13:54:50 [INFO] [Heroes] Minimum PvP Level is set to: 1
2014-10-06 13:54:50 [WARNING] [Heroes] File experience.yml not found - generating defaults.
2014-10-06 13:54:50 [WARNING] [Heroes] File damages.yml not found - generating defaults.
2014-10-06 13:54:50 [WARNING] [Heroes] File recipes.yml not found - generating defaults.
2014-10-06 13:54:50 [WARNING] [Heroes] File admin.yml not found - generating defaults.
2014-10-06 13:54:50 [WARNING] [Heroes] File citizen.yml not found - generating defaults.
2014-10-06 13:54:50 [WARNING] [Heroes] File rogue.yml not found - generating defaults.
2014-10-06 13:54:50 [WARNING] [Heroes] File cleric.yml not found - generating defaults.
2014-10-06 13:54:50 [WARNING] [Heroes] File mage.yml not found - generating defaults.
2014-10-06 13:54:50 [WARNING] [Heroes] File warrior.yml not found - generating defaults.
2014-10-06 13:54:50 [WARNING] [Heroes] File permission-skills.yml not found - generating defaults.
2014-10-06 13:54:51 [WARNING] [Heroes] Unable to load SkillHerbalism.jar skill was written for a previous Heroes version, please check the debug.log for more information!
2014-10-06 13:54:51 [WARNING] [Heroes] Unable to load SkillBolt.jar skill was written for a previous Heroes version, please check the debug.log for more information!
2014-10-06 13:54:51 [WARNING] [Heroes] Unable to load SkillRoot.jar skill was written for a previous Heroes version, please check the debug.log for more information!
2014-10-06 13:54:51 [WARNING] [Heroes] Unable to load SkillWisdom.jar skill was written for a previous Heroes version, please check the debug.log for more information!
2014-10-06 13:54:51 [WARNING] [Heroes] Unable to load SkillEmpathy.jar skill was written for a previous Heroes version, please check the debug.log for more information!
2014-10-06 13:54:51 [WARNING] [Heroes] Unable to load SkillHarmtouch.jar skill was written for a previous Heroes version, please check the debug.log for more information!
2014-10-06 13:54:51 [WARNING] [Heroes] Unable to load SkillPickPocket.jar skill was written for a previous Heroes version, please check the debug.log for more information!
2014-10-06 13:54:51 [WARNING] [Heroes] Unable to load SkillGuardianAngel.jar skill was written for a previous Heroes version, please check the debug.log for more information!
2014-10-06 13:54:51 [WARNING] [Heroes] Unable to load SkillSummonSheep.jar skill was written for a previous Heroes version, please check the debug.log for more information!
2014-10-06 13:54:51 [WARNING] [Heroes] Unable to load SkillBandage.jar skill was written for a previous Heroes version, please check the debug.log for more information!
2014-10-06 13:54:51 [WARNING] [Heroes] Unable to load SkillPray.jar skill was written for a previous Heroes version, please check the debug.log for more information!
2014-10-06 13:54:51 [WARNING] [Heroes] Unable to load SkillSlow.jar skill was written for a previous Heroes version, please check the debug.log for more information!
2014-10-06 13:54:51 [WARNING] [Heroes] Unable to load SkillRepair.jar skill was written for a previous Heroes version, please check the debug.log for more information!
2014-10-06 13:54:51 [WARNING] [Heroes] Unable to load SkillLight.jar skill was written for a previous Heroes version, please check the debug.log for more information!
2014-10-06 13:54:51 [WARNING] [Heroes] Unable to load SkillWoodcutting.jar skill was written for a previous Heroes version, please check the debug.log for more information!
2014-10-06 13:54:51 [WARNING] [Heroes] Unable to load SkillDispel.jar skill was written for a previous Heroes version, please check the debug.log for more information!
2014-10-06 13:54:51 [WARNING] [Heroes] Unable to load SkillBackstab.jar skill was written for a previous Heroes version, please check the debug.log for more information!
2014-10-06 13:54:51 [WARNING] [Heroes] Unable to load SkillInversion.jar skill was written for a previous Heroes version, please check the debug.log for more information!
2014-10-06 13:54:51 [WARNING] [Heroes] Unable to load SkillSuperJump.jar skill was written for a previous Heroes version, please check the debug.log for more information!
2014-10-06 13:54:51 [WARNING] [Heroes] Unable to load SkillSummonfood.jar skill was written for a previous Heroes version, please check the debug.log for more information!
2014-10-06 13:54:51 [WARNING] [Heroes] Unable to load SkillMark.jar skill was written for a previous Heroes version, please check the debug.log for more information!
2014-10-06 13:54:51 [WARNING] [Heroes] Unable to load SkillPoison.jar skill was written for a previous Heroes version, please check the debug.log for more information!
2014-10-06 13:54:51 [WARNING] [Heroes] Unable to load SkillGills.jar skill was written for a previous Heroes version, please check the debug.log for more information!
2014-10-06 13:54:51 [WARNING] [Heroes] Unable to load SkillReborn.jar skill was written for a previous Heroes version, please check the debug.log for more information!
2014-10-06 13:54:51 [WARNING] [Heroes] Unable to load SkillArrowstorm.jar skill was written for a previous Heroes version, please check the debug.log for more information!
2014-10-06 13:54:51 [WARNING] [Heroes] Unable to load SkillSmoke.jar skill was written for a previous Heroes version, please check the debug.log for more information!
2014-10-06 13:54:51 [WARNING] [Heroes] Unable to load SkillGroupHeal.jar skill was written for a previous Heroes version, please check the debug.log for more information!
2014-10-06 13:54:51 [WARNING] [Heroes] Unable to load SkillJump.jar skill was written for a previous Heroes version, please check the debug.log for more information!
2014-10-06 13:54:51 [WARNING] [Heroes] Unable to load SkillSuperheat.jar skill was written for a previous Heroes version, please check the debug.log for more information!
2014-10-06 13:54:51 [WARNING] [Heroes] Unable to load SkillShield.jar skill was written for a previous Heroes version, please check the debug.log for more information!
2014-10-06 13:54:51 [WARNING] [Heroes] Unable to load SkillAntidote.jar skill was written for a previous Heroes version, please check the debug.log for more information!
2014-10-06 13:54:51 [WARNING] [Heroes] Unable to load SkillIceArrow.jar skill was written for a previous Heroes version, please check the debug.log for more information!
2014-10-06 13:54:51 [WARNING] [Heroes] Unable to load SkillSummonCow.jar skill was written for a previous Heroes version, please check the debug.log for more information!
2014-10-06 13:54:51 [WARNING] [Heroes] Unable to load SkillIcebolt.jar skill was written for a previous Heroes version, please check the debug.log for more information!
2014-10-06 13:54:51 [WARNING] [Heroes] Unable to load SkillPort.jar skill was written for a previous Heroes version, please check the debug.log for more information!
2014-10-06 13:54:51 [WARNING] [Heroes] Unable to load SkillMight.jar skill was written for a previous Heroes version, please check the debug.log for more information!
2014-10-06 13:54:51 [WARNING] [Heroes] Unable to load SkillMining.jar skill was written for a previous Heroes version, please check the debug.log for more information!
2014-10-06 13:54:51 [WARNING] [Heroes] Unable to load SkillOne.jar skill was written for a previous Heroes version, please check the debug.log for more information!
2014-10-06 13:54:51 [WARNING] [Heroes] Unable to load SkillSonicBoom.jar skill was written for a previous Heroes version, please check the debug.log for more information!
2014-10-06 13:54:51 [WARNING] [Heroes] Unable to load SkillExcavate.jar skill was written for a previous Heroes version, please check the debug.log for more information!
2014-10-06 13:54:51 [WARNING] [Heroes] Unable to load SkillPotion.jar skill was written for a previous Heroes version, please check the debug.log for more information!
2014-10-06 13:54:51 [WARNING] [Heroes] Unable to load SkillSummonArrow.jar skill was written for a previous Heroes version, please check the debug.log for more information!
2014-10-06 13:54:51 [WARNING] [Heroes] Unable to load SkillSummonPig.jar skill was written for a previous Heroes version, please check the debug.log for more information!
2014-10-06 13:54:51 [WARNING] [Heroes] Unable to load SkillLayhands.jar skill was written for a previous Heroes version, please check the debug.log for more information!
2014-10-06 13:54:51 [WARNING] [Heroes] Unable to load SkillAlchemy.jar skill was written for a previous Heroes version, please check the debug.log for more information!
2014-10-06 13:54:51 [WARNING] [Heroes] Unable to load SkillDespair.jar skill was written for a previous Heroes version, please check the debug.log for more information!
2014-10-06 13:54:51 [WARNING] [Heroes] Unable to load SkillSafefall.jar skill was written for a previous Heroes version, please check the debug.log for more information!
2014-10-06 13:54:51 [WARNING] [Heroes] Unable to load SkillInvuln.jar skill was written for a previous Heroes version, please check the debug.log for more information!
2014-10-06 13:54:51 [WARNING] [Heroes] Unable to load SkillFireArrow.jar skill was written for a previous Heroes version, please check the debug.log for more information!
2014-10-06 13:54:51 [WARNING] [Heroes] Unable to load SkillSummonMooshroomCow.jar skill was written for a previous Heroes version, please check the debug.log for more information!
2014-10-06 13:54:51 [WARNING] [Heroes] Unable to load SkillEscapeArtist.jar skill was written for a previous Heroes version, please check the debug.log for more information!
2014-10-06 13:54:51 [WARNING] [Heroes] Unable to load SkillWeb.jar skill was written for a previous Heroes version, please check the debug.log for more information!
2014-10-06 13:54:51 [WARNING] [Heroes] Unable to load SkillSmite.jar skill was written for a previous Heroes version, please check the debug.log for more information!
2014-10-06 13:54:51 [WARNING] [Heroes] Unable to load SkillPoisonArrow.jar skill was written for a previous Heroes version, please check the debug.log for more information!
2014-10-06 13:54:51 [WARNING] [Heroes] Unable to load SkillDisenchant.jar skill was written for a previous Heroes version, please check the debug.log for more information!
2014-10-06 13:54:51 [WARNING] [Heroes] Unable to load SkillPiggify.jar skill was written for a previous Heroes version, please check the debug.log for more information!
2014-10-06 13:54:51 [WARNING] [Heroes] Unable to load SkillSummonChicken.jar skill was written for a previous Heroes version, please check the debug.log for more information!
2014-10-06 13:54:51 [WARNING] [Heroes] Unable to load SkillCharge.jar skill was written for a previous Heroes version, please check the debug.log for more information!
2014-10-06 13:54:51 [WARNING] [Heroes] Unable to load SkillBlink.jar skill was written for a previous Heroes version, please check the debug.log for more information!
2014-10-06 13:54:51 [WARNING] [Heroes] Unable to load SkillWolf.jar skill was written for a previous Heroes version, please check the debug.log for more information!
2014-10-06 13:54:51 [WARNING] [Heroes] Unable to load SkillAssassinsBlade.jar skill was written for a previous Heroes version, please check the debug.log for more information!
2014-10-06 13:54:51 [WARNING] [Heroes] Unable to load SkillRecall.jar skill was written for a previous Heroes version, please check the debug.log for more information!
2014-10-06 13:54:51 [WARNING] [Heroes] Unable to load SkillBleed.jar skill was written for a previous Heroes version, please check the debug.log for more information!
2014-10-06 13:54:51 [WARNING] [Heroes] Unable to load SkillConfuse.jar skill was written for a previous Heroes version, please check the debug.log for more information!
2014-10-06 13:54:51 [WARNING] [Heroes] Unable to load SkillCurse.jar skill was written for a previous Heroes version, please check the debug.log for more information!
2014-10-06 13:54:51 [WARNING] [Heroes] Unable to load SkillTaunt.jar skill was written for a previous Heroes version, please check the debug.log for more information!
2014-10-06 13:54:51 [WARNING] [Heroes] Unable to load SkillFishing.jar skill was written for a previous Heroes version, please check the debug.log for more information!
2014-10-06 13:54:51 [WARNING] [Heroes] Unable to load SkillTelekinesis.jar skill was written for a previous Heroes version, please check the debug.log for more information!
2014-10-06 13:54:51 [WARNING] [Heroes] Unable to load SkillSneak.jar skill was written for a previous Heroes version, please check the debug.log for more information!
2014-10-06 13:54:51 [WARNING] [Heroes] Unable to load SkillEnchant.jar skill was written for a previous Heroes version, please check the debug.log for more information!
2014-10-06 13:54:51 [WARNING] [Heroes] Unable to load SkillFireball.jar skill was written for a previous Heroes version, please check the debug.log for more information!
2014-10-06 13:54:51 [WARNING] [Heroes] Citizen has no permitted-armor section
2014-10-06 13:54:51 [WARNING] [Heroes] Unable to load SkillHerbalism.jar skill was written for a previous Heroes version, please check the debug.log for more information!
2014-10-06 13:54:51 [WARNING] [Heroes] Unable to load SkillBolt.jar skill was written for a previous Heroes version, please check the debug.log for more information!
2014-10-06 13:54:51 [WARNING] [Heroes] Unable to load SkillRoot.jar skill was written for a previous Heroes version, please check the debug.log for more information!
2014-10-06 13:54:51 [WARNING] [Heroes] Unable to load SkillWisdom.jar skill was written for a previous Heroes version, please check the debug.log for more information!
2014-10-06 13:54:51 [WARNING] [Heroes] Unable to load SkillEmpathy.jar skill was written for a previous Heroes version, please check the debug.log for more information!
2014-10-06 13:54:51 [WARNING] [Heroes] Unable to load SkillHarmtouch.jar skill was written for a previous Heroes version, please check the debug.log for more information!
2014-10-06 13:54:51 [WARNING] [Heroes] Unable to load SkillPickPocket.jar skill was written for a previous Heroes version, please check the debug.log for more information!
2014-10-06 13:54:51 [WARNING] [Heroes] Unable to load SkillGuardianAngel.jar skill was written for a previous Heroes version, please check the debug.log for more information!
2014-10-06 13:54:51 [WARNING] [Heroes] Unable to load SkillSummonSheep.jar skill was written for a previous Heroes version, please check the debug.log for more information!
2014-10-06 13:54:51 [WARNING] [Heroes] Unable to load SkillBandage.jar skill was written for a previous Heroes version, please check the debug.log for more information!
2014-10-06 13:54:51 [WARNING] [Heroes] Unable to load SkillPray.jar skill was written for a previous Heroes version, please check the debug.log for more information!
2014-10-06 13:54:51 [WARNING] [Heroes] Unable to load SkillSlow.jar skill was written for a previous Heroes version, please check the debug.log for more information!
2014-10-06 13:54:51 [WARNING] [Heroes] Unable to load SkillRepair.jar skill was written for a previous Heroes version, please check the debug.log for more information!
2014-10-06 13:54:51 [WARNING] [Heroes] Unable to load SkillLight.jar skill was written for a previous Heroes version, please check the debug.log for more information!
2014-10-06 13:54:51 [WARNING] [Heroes] Unable to load SkillWoodcutting.jar skill was written for a previous Heroes version, please check the debug.log for more information!
2014-10-06 13:54:51 [WARNING] [Heroes] Unable to load SkillDispel.jar skill was written for a previous Heroes version, please check the debug.log for more information!
2014-10-06 13:54:51 [WARNING] [Heroes] Unable to load SkillBackstab.jar skill was written for a previous Heroes version, please check the debug.log for more information!
2014-10-06 13:54:51 [WARNING] [Heroes] Unable to load SkillInversion.jar skill was written for a previous Heroes version, please check the debug.log for more information!
2014-10-06 13:54:51 [WARNING] [Heroes] Unable to load SkillSuperJump.jar skill was written for a previous Heroes version, please check the debug.log for more information!
2014-10-06 13:54:51 [WARNING] [Heroes] Unable to load SkillSummonfood.jar skill was written for a previous Heroes version, please check the debug.log for more information!
2014-10-06 13:54:51 [WARNING] [Heroes] Unable to load SkillMark.jar skill was written for a previous Heroes version, please check the debug.log for more information!
2014-10-06 13:54:51 [WARNING] [Heroes] Unable to load SkillPoison.jar skill was written for a previous Heroes version, please check the debug.log for more information!
2014-10-06 13:54:51 [WARNING] [Heroes] Unable to load SkillGills.jar skill was written for a previous Heroes version, please check the debug.log for more information!
2014-10-06 13:54:51 [WARNING] [Heroes] Unable to load SkillReborn.jar skill was written for a previous Heroes version, please check the debug.log for more information!
2014-10-06 13:54:51 [WARNING] [Heroes] Unable to load SkillArrowstorm.jar skill was written for a previous Heroes version, please check the debug.log for more information!
2014-10-06 13:54:51 [WARNING] [Heroes] Unable to load SkillSmoke.jar skill was written for a previous Heroes version, please check the debug.log for more information!
2014-10-06 13:54:51 [WARNING] [Heroes] Unable to load SkillGroupHeal.jar skill was written for a previous Heroes version, please check the debug.log for more information!
2014-10-06 13:54:51 [WARNING] [Heroes] Unable to load SkillJump.jar skill was written for a previous Heroes version, please check the debug.log for more information!
2014-10-06 13:54:51 [WARNING] [Heroes] Unable to load SkillSuperheat.jar skill was written for a previous Heroes version, please check the debug.log for more information!
2014-10-06 13:54:51 [WARNING] [Heroes] Unable to load SkillShield.jar skill was written for a previous Heroes version, please check the debug.log for more information!
2014-10-06 13:54:51 [WARNING] [Heroes] Unable to load SkillAntidote.jar skill was written for a previous Heroes version, please check the debug.log for more information!
2014-10-06 13:54:51 [WARNING] [Heroes] Unable to load SkillIceArrow.jar skill was written for a previous Heroes version, please check the debug.log for more information!
2014-10-06 13:54:51 [WARNING] [Heroes] Unable to load SkillSummonCow.jar skill was written for a previous Heroes version, please check the debug.log for more information!
2014-10-06 13:54:51 [WARNING] [Heroes] Unable to load SkillIcebolt.jar skill was written for a previous Heroes version, please check the debug.log for more information!
2014-10-06 13:54:51 [WARNING] [Heroes] Unable to load SkillPort.jar skill was written for a previous Heroes version, please check the debug.log for more information!
2014-10-06 13:54:51 [WARNING] [Heroes] Unable to load SkillMight.jar skill was written for a previous Heroes version, please check the debug.log for more information!
2014-10-06 13:54:51 [WARNING] [Heroes] Unable to load SkillMining.jar skill was written for a previous Heroes version, please check the debug.log for more information!
2014-10-06 13:54:51 [WARNING] [Heroes] Unable to load SkillOne.jar skill was written for a previous Heroes version, please check the debug.log for more information!
2014-10-06 13:54:51 [WARNING] [Heroes] Unable to load SkillSonicBoom.jar skill was written for a previous Heroes version, please check the debug.log for more information!
2014-10-06 13:54:51 [WARNING] [Heroes] Unable to load SkillExcavate.jar skill was written for a previous Heroes version, please check the debug.log for more information!
2014-10-06 13:54:51 [WARNING] [Heroes] Unable to load SkillPotion.jar skill was written for a previous Heroes version, please check the debug.log for more information!
2014-10-06 13:54:51 [WARNING] [Heroes] Unable to load SkillSummonArrow.jar skill was written for a previous Heroes version, please check the debug.log for more information!
2014-10-06 13:54:51 [WARNING] [Heroes] Unable to load SkillSummonPig.jar skill was written for a previous Heroes version, please check the debug.log for more information!
2014-10-06 13:54:51 [WARNING] [Heroes] Unable to load SkillLayhands.jar skill was written for a previous Heroes version, please check the debug.log for more information!
2014-10-06 13:54:51 [WARNING] [Heroes] Unable to load SkillAlchemy.jar skill was written for a previous Heroes version, please check the debug.log for more information!
2014-10-06 13:54:51 [WARNING] [Heroes] Unable to load SkillDespair.jar skill was written for a previous Heroes version, please check the debug.log for more information!
2014-10-06 13:54:51 [WARNING] [Heroes] Unable to load SkillSafefall.jar skill was written for a previous Heroes version, please check the debug.log for more information!
2014-10-06 13:54:51 [WARNING] [Heroes] Unable to load SkillInvuln.jar skill was written for a previous Heroes version, please check the debug.log for more information!
2014-10-06 13:54:51 [WARNING] [Heroes] Unable to load SkillFireArrow.jar skill was written for a previous Heroes version, please check the debug.log for more information!
2014-10-06 13:54:51 [WARNING] [Heroes] Unable to load SkillSummonMooshroomCow.jar skill was written for a previous Heroes version, please check the debug.log for more information!
2014-10-06 13:54:51 [WARNING] [Heroes] Unable to load SkillEscapeArtist.jar skill was written for a previous Heroes version, please check the debug.log for more information!
2014-10-06 13:54:51 [WARNING] [Heroes] Unable to load SkillWeb.jar skill was written for a previous Heroes version, please check the debug.log for more information!
2014-10-06 13:54:51 [WARNING] [Heroes] Unable to load SkillSmite.jar skill was written for a previous Heroes version, please check the debug.log for more information!
2014-10-06 13:54:51 [WARNING] [Heroes] Unable to load SkillPoisonArrow.jar skill was written for a previous Heroes version, please check the debug.log for more information!
2014-10-06 13:54:51 [WARNING] [Heroes] Unable to load SkillDisenchant.jar skill was written for a previous Heroes version, please check the debug.log for more information!
2014-10-06 13:54:51 [WARNING] [Heroes] Unable to load SkillPiggify.jar skill was written for a previous Heroes version, please check the debug.log for more information!
2014-10-06 13:54:51 [WARNING] [Heroes] Unable to load SkillSummonChicken.jar skill was written for a previous Heroes version, please check the debug.log for more information!
2014-10-06 13:54:51 [WARNING] [Heroes] Unable to load SkillCharge.jar skill was written for a previous Heroes version, please check the debug.log for more information!
2014-10-06 13:54:51 [WARNING] [Heroes] Unable to load SkillBlink.jar skill was written for a previous Heroes version, please check the debug.log for more information!
2014-10-06 13:54:51 [WARNING] [Heroes] Unable to load SkillWolf.jar skill was written for a previous Heroes version, please check the debug.log for more information!
2014-10-06 13:54:51 [WARNING] [Heroes] Unable to load SkillAssassinsBlade.jar skill was written for a previous Heroes version, please check the debug.log for more information!
2014-10-06 13:54:51 [WARNING] [Heroes] Unable to load SkillRecall.jar skill was written for a previous Heroes version, please check the debug.log for more information!
2014-10-06 13:54:51 [WARNING] [Heroes] Unable to load SkillBleed.jar skill was written for a previous Heroes version, please check the debug.log for more information!
2014-10-06 13:54:51 [WARNING] [Heroes] Unable to load SkillConfuse.jar skill was written for a previous Heroes version, please check the debug.log for more information!
2014-10-06 13:54:51 [WARNING] [Heroes] Unable to load SkillCurse.jar skill was written for a previous Heroes version, please check the debug.log for more information!
2014-10-06 13:54:51 [WARNING] [Heroes] Unable to load SkillTaunt.jar skill was written for a previous Heroes version, please check the debug.log for more information!
2014-10-06 13:54:51 [WARNING] [Heroes] Unable to load SkillFishing.jar skill was written for a previous Heroes version, please check the debug.log for more information!
2014-10-06 13:54:51 [WARNING] [Heroes] Unable to load SkillTelekinesis.jar skill was written for a previous Heroes version, please check the debug.log for more information!
2014-10-06 13:54:51 [WARNING] [Heroes] Unable to load SkillSneak.jar skill was written for a previous Heroes version, please check the debug.log for more information!
2014-10-06 13:54:51 [WARNING] [Heroes] Unable to load SkillEnchant.jar skill was written for a previous Heroes version, please check the debug.log for more information!
2014-10-06 13:54:51 [WARNING] [Heroes] Unable to load SkillFireball.jar skill was written for a previous Heroes version, please check the debug.log for more information!
2014-10-06 13:54:51 [WARNING] [Heroes] Unable to load SkillMark.jar skill was written for a previous Heroes version, please check the debug.log for more information!
2014-10-06 13:54:51 [WARNING] [Heroes] Skill Mark defined for Cleric not found.
2014-10-06 13:54:51 [WARNING] [Heroes] Unable to load SkillRecall.jar skill was written for a previous Heroes version, please check the debug.log for more information!
2014-10-06 13:54:51 [WARNING] [Heroes] Skill Recall defined for Cleric not found.
2014-10-06 13:54:51 [WARNING] [Heroes] Unable to load SkillPort.jar skill was written for a previous Heroes version, please check the debug.log for more information!
2014-10-06 13:54:51 [WARNING] [Heroes] Skill Port defined for Cleric not found.
2014-10-06 13:54:51 [WARNING] [Heroes] Unable to load SkillInvuln.jar skill was written for a previous Heroes version, please check the debug.log for more information!
2014-10-06 13:54:51 [WARNING] [Heroes] Skill Invuln defined for Cleric not found.
2014-10-06 13:54:51 [WARNING] [Heroes] Unable to load SkillPray.jar skill was written for a previous Heroes version, please check the debug.log for more information!
2014-10-06 13:54:51 [WARNING] [Heroes] Skill Pray defined for Cleric not found.
2014-10-06 13:54:51 [WARNING] [Heroes] Unable to load SkillHarmtouch.jar skill was written for a previous Heroes version, please check the debug.log for more information!
2014-10-06 13:54:51 [WARNING] [Heroes] Skill Harmtouch defined for Cleric not found.
2014-10-06 13:54:51 [WARNING] [Heroes] Unable to load SkillWisdom.jar skill was written for a previous Heroes version, please check the debug.log for more information!
2014-10-06 13:54:51 [WARNING] [Heroes] Skill Wisdom defined for Cleric not found.
2014-10-06 13:54:51 [WARNING] [Heroes] Unable to load SkillSlow.jar skill was written for a previous Heroes version, please check the debug.log for more information!
2014-10-06 13:54:51 [WARNING] [Heroes] Skill Slow defined for Cleric not found.
2014-10-06 13:54:51 [WARNING] [Heroes] Unable to load SkillGroupHeal.jar skill was written for a previous Heroes version, please check the debug.log for more information!
2014-10-06 13:54:51 [WARNING] [Heroes] Skill Groupheal defined for Cleric not found.
2014-10-06 13:54:51 [WARNING] [Heroes] Unable to load SkillMark.jar skill was written for a previous Heroes version, please check the debug.log for more information!
2014-10-06 13:54:51 [WARNING] [Heroes] Skill Mark defined for Mage not found.
2014-10-06 13:54:51 [WARNING] [Heroes] Unable to load SkillRecall.jar skill was written for a previous Heroes version, please check the debug.log for more information!
2014-10-06 13:54:51 [WARNING] [Heroes] Skill Recall defined for Mage not found.
2014-10-06 13:54:51 [WARNING] [Heroes] Unable to load SkillPort.jar skill was written for a previous Heroes version, please check the debug.log for more information!
2014-10-06 13:54:51 [WARNING] [Heroes] Skill Port defined for Mage not found.
2014-10-06 13:54:51 [WARNING] [Heroes] Unable to load SkillIcebolt.jar skill was written for a previous Heroes version, please check the debug.log for more information!
2014-10-06 13:54:51 [WARNING] [Heroes] Skill Icebolt defined for Mage not found.
2014-10-06 13:54:51 [WARNING] [Heroes] Unable to load SkillPiggify.jar skill was written for a previous Heroes version, please check the debug.log for more information!
2014-10-06 13:54:51 [WARNING] [Heroes] Skill Piggify defined for Mage not found.
2014-10-06 13:54:51 [WARNING] [Heroes] Unable to load SkillFireball.jar skill was written for a previous Heroes version, please check the debug.log for more information!
2014-10-06 13:54:51 [WARNING] [Heroes] Skill Fireball defined for Mage not found.
2014-10-06 13:54:51 [WARNING] [Heroes] Unable to load SkillWisdom.jar skill was written for a previous Heroes version, please check the debug.log for more information!
2014-10-06 13:54:51 [WARNING] [Heroes] Skill Wisdom defined for Mage not found.
2014-10-06 13:54:51 [WARNING] [Heroes] Unable to load SkillWolf.jar skill was written for a previous Heroes version, please check the debug.log for more information!
2014-10-06 13:54:51 [WARNING] [Heroes] Skill Wolf defined for Mage not found.
2014-10-06 13:54:51 [WARNING] [Heroes] Unable to load SkillBlink.jar skill was written for a previous Heroes version, please check the debug.log for more information!
2014-10-06 13:54:51 [WARNING] [Heroes] Skill Blink defined for Mage not found.
2014-10-06 13:54:51 [WARNING] [Heroes] Unable to load SkillWeb.jar skill was written for a previous Heroes version, please check the debug.log for more information!
2014-10-06 13:54:51 [WARNING] [Heroes] Skill Web defined for Mage not found.
2014-10-06 13:54:51 [WARNING] [Heroes] Unable to load SkillPort.jar skill was written for a previous Heroes version, please check the debug.log for more information!
2014-10-06 13:54:51 [WARNING] [Heroes] Skill Port defined for Rogue not found.
2014-10-06 13:54:51 [WARNING] [Heroes] Unable to load SkillSneak.jar skill was written for a previous Heroes version, please check the debug.log for more information!
2014-10-06 13:54:51 [WARNING] [Heroes] Skill Sneak defined for Rogue not found.
2014-10-06 13:54:51 [WARNING] [Heroes] Unable to load SkillJump.jar skill was written for a previous Heroes version, please check the debug.log for more information!
2014-10-06 13:54:51 [WARNING] [Heroes] Skill Jump defined for Rogue not found.
2014-10-06 13:54:51 [WARNING] [Heroes] Unable to load SkillAssassinsBlade.jar skill was written for a previous Heroes version, please check the debug.log for more information!
2014-10-06 13:54:51 [WARNING] [Heroes] Skill AssassinsBlade defined for Rogue not found.
2014-10-06 13:54:51 [WARNING] [Heroes] Unable to load SkillMark.jar skill was written for a previous Heroes version, please check the debug.log for more information!
2014-10-06 13:54:51 [WARNING] [Heroes] Skill Mark defined for Rogue not found.
2014-10-06 13:54:51 [WARNING] [Heroes] Unable to load SkillRecall.jar skill was written for a previous Heroes version, please check the debug.log for more information!
2014-10-06 13:54:51 [WARNING] [Heroes] Skill Recall defined for Rogue not found.
2014-10-06 13:54:51 [WARNING] [Heroes] Unable to load SkillEscapeArtist.jar skill was written for a previous Heroes version, please check the debug.log for more information!
2014-10-06 13:54:51 [WARNING] [Heroes] Skill EscapeArtist defined for Rogue not found.
2014-10-06 13:54:51 [WARNING] [Heroes] Unable to load SkillSmoke.jar skill was written for a previous Heroes version, please check the debug.log for more information!
2014-10-06 13:54:51 [WARNING] [Heroes] Skill Smoke defined for Rogue not found.
2014-10-06 13:54:51 [WARNING] [Heroes] Unable to load SkillBackstab.jar skill was written for a previous Heroes version, please check the debug.log for more information!
2014-10-06 13:54:51 [WARNING] [Heroes] Skill Backstab defined for Rogue not found.
2014-10-06 13:54:51 [WARNING] [Heroes] Unable to load SkillCurse.jar skill was written for a previous Heroes version, please check the debug.log for more information!
2014-10-06 13:54:51 [WARNING] [Heroes] Skill Curse defined for Rogue not found.
2014-10-06 13:54:51 [WARNING] [Heroes] Unable to load SkillMark.jar skill was written for a previous Heroes version, please check the debug.log for more information!
2014-10-06 13:54:51 [WARNING] [Heroes] Skill Mark defined for Warrior not found.
2014-10-06 13:54:51 [WARNING] [Heroes] Unable to load SkillRecall.jar skill was written for a previous Heroes version, please check the debug.log for more information!
2014-10-06 13:54:51 [WARNING] [Heroes] Skill Recall defined for Warrior not found.
2014-10-06 13:54:51 [WARNING] [Heroes] Unable to load SkillRoot.jar skill was written for a previous Heroes version, please check the debug.log for more information!
2014-10-06 13:54:51 [WARNING] [Heroes] Skill Root defined for Warrior not found.
2014-10-06 13:54:51 [WARNING] [Heroes] Unable to load SkillMight.jar skill was written for a previous Heroes version, please check the debug.log for more information!
2014-10-06 13:54:51 [WARNING] [Heroes] Skill Might defined for Warrior not found.
2014-10-06 13:54:51 [WARNING] [Heroes] Unable to load SkillCharge.jar skill was written for a previous Heroes version, please check the debug.log for more information!
2014-10-06 13:54:51 [WARNING] [Heroes] Skill Charge defined for Warrior not found.
2014-10-06 13:54:51 [WARNING] [Heroes] Unable to load SkillOne.jar skill was written for a previous Heroes version, please check the debug.log for more information!
2014-10-06 13:54:51 [WARNING] [Heroes] Skill One defined for Warrior not found.
2014-10-06 13:54:51 [INFO] [Heroes] version 1.5.0-b1586 is enabled!
2014-10-06 13:54:51 [INFO] Server permissions file permissions.yml is empty, ignoring it
2014-10-06 13:54:51 [INFO] Done (6,048s)! For help, type "help" or "?"
